<?xml version="1.0" encoding="UTF-8"?>
<!-- Generated by org.testng.reporters.JUnitReportReporter -->
<testsuite hostname="Ganapati" failures="0" tests="1" name="com.nopcommerceV2.testcases.TC_LoginTest_001" time="44.642" errors="0" timestamp="2022-09-16T01:03:35 IST" skipped="0">
  <testcase classname="com.nopcommerceV2.testcases.TC_LoginTest_001" name="loginTest" time="44.642"/>
  <system-out/>
</testsuite> <!-- com.nopcommerceV2.testcases.TC_LoginTest_001 -->
